<?xml version="1.0" encoding="UTF-8"?>
<testsuite xmlns:xsi="http://www.w3.org/2001/XMLSchema-instance" xsi:noNamespaceSchemaLocation="https://maven.apache.org/surefire/maven-surefire-plugin/xsd/surefire-test-report.xsd" name="com.softwareinstitute.nur.animal.tests.AnimalTest" time="0.138" tests="2" errors="0" skipped="0" failures="0">
  <properties>
[...]
</properties>
  <testcase name="test_Animal_Die" classname="com.softwareinstitute.nur.animal.tests.AnimalTest" time="0.077"/>
  <testcase name="test_Animal_Breed" classname="com.softwareinstitute.nur.animal.tests.AnimalTest" time="0.008"/>
</testsuite>